<?xml version="1.0" encoding="UTF-8"?>
<testng-results ignored="0" total="1" passed="1" failed="0" skipped="0">
  <reporter-output>
    <line>
      <![CDATA[Hi]]>
    </line>
  </reporter-output>
  <suite started-at="2022-02-06T11:43:56 IST" name="Suite" finished-at="2022-02-06T11:43:56 IST" duration-ms="87">
    <groups>
    </groups>
    <test started-at="2022-02-06T11:43:56 IST" name="Test" finished-at="2022-02-06T11:43:56 IST" duration-ms="87">
      <class name="com.actitime.testscripts.CreateCustomerModule">
        <test-method signature="testCreateCustomer()[pri:0, instance:com.actitime.testscripts.CreateCustomerModule@6babf3bf]" started-at="2022-02-06T11:43:56 IST" name="testCreateCustomer" finished-at="2022-02-06T11:43:56 IST" duration-ms="15" status="PASS">
          <reporter-output>
            <line>
              <![CDATA[Hi]]>
            </line>
          </reporter-output>
        </test-method> <!-- testCreateCustomer -->
      </class> <!-- com.actitime.testscripts.CreateCustomerModule -->
    </test> <!-- Test -->
  </suite> <!-- Suite -->
</testng-results>
